[00:25:12] [Server thread/INFO]: Starting minecraft server version 1.12.2
[00:25:12] [Server thread/INFO]: Loading properties
[00:25:12] [Server thread/INFO]: Default game type: SURVIVAL
[00:25:13] [Server thread/INFO]: This server is running CraftBukkit version git-Spigot-79a30d7-acbc348 (MC: 1.12.2) (Implementing API version 1.12.2-R0.1-SNAPSHOT)
[00:25:13] [Server thread/INFO]: Debug logging is disabled
[00:25:13] [Server thread/INFO]: Server Ping Player Sample Count: 12
[00:25:13] [Server thread/INFO]: Using 4 threads for Netty based IO
[00:25:13] [Server thread/INFO]: Generating keypair
[00:25:13] [Server thread/INFO]: Starting Minecraft server on *:25565
[00:25:13] [Server thread/INFO]: Using default channel type
[00:25:13] [Server thread/INFO]: Set PluginClassLoader as parallel capable
[00:25:13] [Server thread/INFO]: [ajStartCommands] Loading ajStartCommands v2.0.3
[00:25:13] [Server thread/INFO]: [SQLibrary] Loading SQLibrary v7.1
[00:25:13] [Server thread/INFO]: [AntiSpam-REVAMPED] Loading AntiSpam-REVAMPED v1.0.0-SNAPSHOT
[00:25:13] [Server thread/INFO]: [ViaVersion] Loading ViaVersion v3.2.1
[00:25:13] [Server thread/INFO]: [ViaVersion] ViaVersion 3.2.1 is now loaded, injecting!
[00:25:13] [Via-Mappingloader-0/INFO]: [ViaVersion] Loading 1.12 -> 1.13 mappings...
[00:25:13] [Via-Mappingloader-1/INFO]: [ViaVersion] Loading 1.13 -> 1.13.2 mappings...
[00:25:13] [Via-Mappingloader-2/INFO]: [ViaVersion] Loading 1.13.2 -> 1.14 mappings...
[00:25:13] [Via-Mappingloader-3/INFO]: [ViaVersion] Loading 1.14 -> 1.15 mappings...
[00:25:13] [Server thread/INFO]: [Skript] Loading Skript v2.5.3
[00:25:13] [Server thread/INFO]: [TerrainControl] Loading TerrainControl v2.9.0-SNAPSHOT
[00:25:13] [Server thread/INFO]: [BountifulAPI] Loading BountifulAPI v1.6.4
[00:25:13] [Server thread/INFO]: [BukkitGames] Loading BukkitGames v3.0.0
[00:25:13] [Server thread/INFO]: [BukkitGames] Loading the best HungerGames plugin in the whole universe... ;)
[00:25:13] [Server thread/INFO]: [BukkitGames] ------ BUKKITGAMES STARTUP ------
[00:25:13] [Server thread/INFO]: [BukkitGames] Version: v3.0.0
[00:25:13] [Server thread/INFO]: [BukkitGames] Running the one and only BukkitGames plugin! :)
[00:25:13] [Server thread/INFO]: [BukkitGames] Copyright by ftbastler! - Est. 2012 - Made in Germany.
[00:25:13] [Server thread/INFO]: [BukkitGames] ------ ------------------- ------
[00:25:13] [Via-Mappingloader-4/INFO]: [ViaVersion] Loading 1.15 -> 1.16 mappings...
[00:25:13] [Via-Mappingloader-5/INFO]: [ViaVersion] Loading 1.16 -> 1.16.2 mappings...
[00:25:13] [Via-Mappingloader-0/INFO]: [ViaVersion] Loading block connection mappings ...
[00:25:13] [Server thread/INFO]: [BukkitGames] Generating a new world...
[00:25:14] [Server thread/INFO]: [BGAbilities] Loading BGAbilities v1.0
[00:25:14] [Server thread/INFO]: [NoCheatPlus] Loading NoCheatPlus v3.16.0-RC-sMD5NET-b1134
[00:25:14] [Server thread/INFO]: [NoCheatPlus] onLoad: Early set up of static API, configuration, logging.
[00:25:14] [Server thread/INFO]: [NoCheatPlus] Logging system initialized.
[00:25:14] [Server thread/INFO]: [NoCheatPlus] Detected Minecraft version: 1.12.2
[00:25:14] [Server thread/INFO]: [ProtocolLib] Loading ProtocolLib v4.5.1
[00:25:14] [Server thread/INFO]: [Orebfuscator] Loading Orebfuscator v5.1.4
[00:25:14] [Server thread/INFO]: [TerrainControl] Enabling TerrainControl v2.9.0-SNAPSHOT
[00:25:14] [Server thread/INFO]: [TerrainControl] 22 Global custom objects loaded
[00:25:14] [Server thread/INFO]: [TerrainControl] Global objects loaded, waiting for worlds to load
[00:25:14] [Server thread/INFO]: [ProtocolLib] Enabling ProtocolLib v4.5.1
[00:25:14] [Server thread/INFO]: [ProtocolLib] Started structure compiler thread.
[00:25:14] [Server thread/INFO]: **** Beginning UUID conversion, this may take A LONG time ****
[00:25:14] [Server thread/INFO]: Preparing level "world"
[00:25:14] [Server thread/INFO]: -------- World Settings For [world] --------
[00:25:14] [Server thread/INFO]: Item Merge Radius: 2.5
[00:25:14] [Server thread/INFO]: Item Despawn Rate: 6000
[00:25:14] [Server thread/INFO]: Arrow Despawn Rate: 1200
[00:25:14] [Server thread/INFO]: Allow Zombie Pigmen to spawn from portal blocks: true
[00:25:14] [Server thread/INFO]: View Distance: 10
[00:25:14] [Server thread/INFO]: Zombie Aggressive Towards Villager: true
[00:25:14] [Server thread/INFO]: Entity Tracking Range: Pl 48 / An 48 / Mo 48 / Mi 32 / Other 64
[00:25:14] [Server thread/INFO]: Cactus Growth Modifier: 100%
[00:25:14] [Server thread/INFO]: Cane Growth Modifier: 100%
[00:25:14] [Server thread/INFO]: Melon Growth Modifier: 100%
[00:25:14] [Server thread/INFO]: Mushroom Growth Modifier: 100%
[00:25:14] [Server thread/INFO]: Pumpkin Growth Modifier: 100%
[00:25:14] [Server thread/INFO]: Sapling Growth Modifier: 100%
[00:25:14] [Server thread/INFO]: Wheat Growth Modifier: 100%
[00:25:14] [Server thread/INFO]: NetherWart Growth Modifier: 100%
[00:25:14] [Server thread/INFO]: Vine Growth Modifier: 100%
[00:25:14] [Server thread/INFO]: Cocoa Growth Modifier: 100%
[00:25:14] [Server thread/INFO]: Hopper Transfer: 8 Hopper Check: 1 Hopper Amount: 1
[00:25:14] [Server thread/INFO]: Tile Max Tick Time: 50ms Entity max Tick Time: 50ms
[00:25:14] [Server thread/INFO]: Random Lighting Updates: false
[00:25:14] [Server thread/INFO]: Structure Info Saving: true
[00:25:14] [Server thread/INFO]: Mob Spawn Range: 4
[00:25:14] [Server thread/INFO]: Max TNT Explosions: 100
[00:25:14] [Server thread/INFO]: Entity Activation Range: An 32 / Mo 32 / Mi 16 / Tiv true
[00:25:14] [Server thread/INFO]: Experience Merge Radius: 3.0
[00:25:14] [Server thread/INFO]: Nerfing mobs spawned from spawners: false
[00:25:14] [Server thread/INFO]: Custom Map Seeds:  Village: 10387312 Feature: 14357617 Monument: 10387313 Slime: 987234911
[00:25:14] [Server thread/INFO]: Preparing start region for level 0 (Seed: -7686389070726657256)
[00:25:15] [Server thread/INFO]: Preparing spawn area: 11%
[00:25:16] [Server thread/INFO]: Preparing spawn area: 28%
[00:25:17] [Server thread/INFO]: Preparing spawn area: 40%
[00:25:18] [Server thread/INFO]: Preparing spawn area: 54%
[00:25:19] [Server thread/INFO]: Preparing spawn area: 71%
[00:25:20] [Server thread/INFO]: Preparing spawn area: 88%
[00:25:21] [Server thread/INFO]: [ajStartCommands] Enabling ajStartCommands v2.0.3
[00:25:21] [Server thread/INFO]: [0;32;1majStartCommands v[0;32;22m2.0.3 [0;32;1mby ajgeiss0702 has been enabled![m
[00:25:21] [Server thread/INFO]: [SQLibrary] Enabling SQLibrary v7.1
[00:25:21] [Server thread/INFO]: SQLibrary loaded.
[00:25:21] [Server thread/INFO]: [AntiSpam-REVAMPED] Enabling AntiSpam-REVAMPED v1.0.0-SNAPSHOT
[00:25:21] [Server thread/INFO]: [ViaVersion] Enabling ViaVersion v3.2.1
[00:25:21] [Server thread/INFO]: [Skript] Enabling Skript v2.5.3
[00:25:22] [ForkJoinPool.commonPool-worker-1/INFO]: [0;37;22m[[0;33;22mSkript[0;37;22m][m You're currently running the latest stable version of Skript.[m
[00:25:23] [Server thread/INFO]: [Skript] Loaded 18217 aliases in 1415ms
[00:25:23] [Server thread/INFO]: [Skript]  ~ created by & © Peter Güttinger aka Njol ~
[00:25:23] [Server thread/INFO]: [BountifulAPI] Enabling BountifulAPI v1.6.4
[00:25:23] [Server thread/INFO]: [0;36;1mBountifulAPI V1.6.4 has been enabled![m
[00:25:23] [Server thread/INFO]: [BukkitGames] Enabling BukkitGames v3.0.0
[00:25:23] [Server thread/INFO]: [BukkitGames] Found Skript v2.5.3. Hooking in...
[00:25:23] [Server thread/INFO]: [BukkitGames] Found BountifulAPI v1.6.4. Hooking in...
[00:25:23] [Server thread/INFO]: [BukkitGames] Loaded a total of 17 kits.
[00:25:23] [Thread-10/WARN]: [BukkitGames] Something went wrong while checking for updates.
[00:25:23] [Thread-10/INFO]: [BukkitGames] Please check the plugin's page to see if there are any updates available.
[00:25:23] [Server thread/INFO]: [BukkitGames] BG:SQLite[SQLite] Connected to database.
[00:25:23] [Server thread/INFO]: [BukkitGames] Startup completed and ready for fighting! (0.2s)
[00:25:23] [Server thread/INFO]: [BGAbilities] Enabling BGAbilities v1.0
[00:25:23] [Server thread/INFO]: [BGAbilities] Enabled extended abilities! (v1.0)
[00:25:23] [Server thread/INFO]: [NoCheatPlus] Enabling NoCheatPlus v3.16.0-RC-sMD5NET-b1134
[00:25:23] [Server thread/INFO]: [NoCheatPlus] McAccess set to: 1.12-1.12.2 / Spigot-CB-1.12_R1
[00:25:23] [Server thread/INFO]: [NoCheatPlus] Added block-info for Minecraft 1.5 blocks.
[00:25:23] [Server thread/INFO]: [NoCheatPlus] Added block-info for Minecraft 1.6.1 blocks.
[00:25:23] [Server thread/INFO]: [NoCheatPlus] Added block-info for Minecraft 1.7.2 blocks.
[00:25:23] [Server thread/INFO]: [NoCheatPlus] Added block-info for Minecraft 1.8 blocks.
[00:25:23] [Server thread/INFO]: [NoCheatPlus] Added block-info for Minecraft 1.9 blocks.
[00:25:23] [Server thread/INFO]: [NoCheatPlus] Added block-info for Minecraft 1.10 blocks.
[00:25:23] [Server thread/INFO]: [NoCheatPlus] Added block-info for Minecraft 1.11 blocks.
[00:25:23] [Server thread/INFO]: [NoCheatPlus] Added block-info for Minecraft 1.12 blocks.
[00:25:23] [Server thread/INFO]: [NoCheatPlus] Update block-info: WATER_LILY block shape patch for multi client protocol support around 1.7.x - 1.11.x.
[00:25:23] [Server thread/INFO]: [NoCheatPlus] Inventory checks: FastConsume is available, disabled InstantEat.
[00:25:23] [Server thread/INFO]: [NoCheatPlus] Adding packet level hooks for ProtocolLib (MC 1.12.2)...
[00:25:23] [Server thread/INFO]: [NoCheatPlus] Available (and activated) packet level hooks: UseEntityAdapter | MovingFlying | OutgoingPosition | KeepAliveAdapter | SoundDistance
[00:25:23] [Server thread/INFO]: [NoCheatPlus] Force disable FastHeal on Minecraft 1.9 and later.
[00:25:23] [Server thread/INFO]: [NoCheatPlus] Version 3.16.0-RC-sMD5NET-b1134 is enabled.
[00:25:23] [Server thread/INFO]: [Orebfuscator] Enabling Orebfuscator v5.1.4
[00:25:23] [Server thread/INFO]: [Orebfuscator] Using 'orebfuscator_cache' as chunk cache path
[00:25:23] [Server thread/INFO]: [Orebfuscator] cache.protocolLibThreads is less than one, choosing processor count as value = 6
[00:25:23] [Server thread/INFO]: [Orebfuscator] Searching NMS adapter for server version "v1_12_R1"!
[00:25:23] [Server thread/INFO]: [Orebfuscator] NMS adapter for server version "v1_12_R1" found!
[00:25:23] [Server thread/INFO]: Server permissions file permissions.yml is empty, ignoring it
[00:25:23] [Server thread/INFO]: Done (9.495s)! For help, type "help" or "?"
[00:25:23] [Server thread/INFO]: Game rule announceAchievements has been updated to false
[00:25:23] [Server thread/INFO]: Game rule announceAdvancements has been updated to false
[00:25:23] [Server thread/INFO]: [ViaVersion] ViaVersion detected server version: 1.12.2(340)
[00:25:23] [Server thread/INFO]: [Skript] Loading variables...
[00:25:23] [Server thread/INFO]: [Skript] Loaded 2 variables in 0.0 seconds
[00:25:24] [Server thread/INFO]: [Skript] All scripts loaded without errors.
[00:25:24] [Server thread/INFO]: [Skript] Loaded 2 scripts with a total of 3 triggers and 3 commands in 0.06 seconds
[00:25:24] [Server thread/INFO]: [Skript] Finished loading.
[00:25:24] [Craft Scheduler Thread - 7/INFO]: [NoCheatPlus] Added hook: AllViolations(NCP) [1.0].
[00:25:24] [Server thread/INFO]: [NoCheatPlus] Post-enable running...
[00:25:24] [Server thread/INFO]: [NoCheatPlus] Post-enable finished.
[00:25:24] [Server thread/INFO]: [ViaVersion] Finished mapping loading, shutting down loader executor!
[00:25:24] [Server thread/INFO]: [BountifulAPI] No update was found, you are running the latest version.
