[17:05:12] [Server thread/INFO]: Starting minecraft server version 1.12.2
[17:05:12] [Server thread/INFO]: Loading properties
[17:05:12] [Server thread/INFO]: Default game type: SURVIVAL
[17:05:12] [Server thread/INFO]: This server is running CraftBukkit version git-Spigot-79a30d7-acbc348 (MC: 1.12.2) (Implementing API version 1.12.2-R0.1-SNAPSHOT)
[17:05:12] [Server thread/INFO]: Debug logging is disabled
[17:05:12] [Server thread/INFO]: Server Ping Player Sample Count: 12
[17:05:12] [Server thread/INFO]: Using 4 threads for Netty based IO
[17:05:12] [Server thread/INFO]: Generating keypair
[17:05:12] [Server thread/INFO]: Starting Minecraft server on *:25565
[17:05:12] [Server thread/INFO]: Using default channel type
[17:05:13] [Server thread/INFO]: Set PluginClassLoader as parallel capable
[17:05:13] [Server thread/INFO]: [SQLibrary] Loading SQLibrary v7.1
[17:05:13] [Server thread/INFO]: [BukkitGames] Loading BukkitGames v3.0.0
[17:05:13] [Server thread/INFO]: [BukkitGames] Loading the best HungerGames plugin in the whole universe... ;)
[17:05:13] [Server thread/INFO]: [BukkitGames] ------ BUKKITGAMES STARTUP ------
[17:05:13] [Server thread/INFO]: [BukkitGames] Version: v3.0.0
[17:05:13] [Server thread/INFO]: [BukkitGames] Running the one and only BukkitGames plugin! :)
[17:05:13] [Server thread/INFO]: [BukkitGames] Copyright by ftbastler! - Est. 2012 - Made in Germany.
[17:05:13] [Server thread/INFO]: [BukkitGames] ------ ------------------- ------
[17:05:13] [Server thread/INFO]: [BukkitGames] Generating a new world...
[17:05:13] [Server thread/INFO]: [ViaVersion] Loading ViaVersion v3.2.1
[17:05:13] [Server thread/INFO]: [ViaVersion] ViaVersion 3.2.1 is now loaded, injecting!
[17:05:13] [Via-Mappingloader-0/INFO]: [ViaVersion] Loading 1.12 -> 1.13 mappings...
[17:05:13] [Via-Mappingloader-1/INFO]: [ViaVersion] Loading 1.13 -> 1.13.2 mappings...
[17:05:13] [Via-Mappingloader-3/INFO]: [ViaVersion] Loading 1.14 -> 1.15 mappings...
[17:05:13] [Server thread/INFO]: [kHG] Loading kHG v1.4
[17:05:13] [Server thread/INFO]: [BGAbilities] Loading BGAbilities v1.1
[17:05:13] [Via-Mappingloader-2/INFO]: [ViaVersion] Loading 1.13.2 -> 1.14 mappings...
[17:05:13] [Server thread/INFO]: [kHG] Enabling kHG v1.4
[17:05:13] [Server thread/INFO]: **** Beginning UUID conversion, this may take A LONG time ****
[17:05:13] [Via-Mappingloader-5/INFO]: [ViaVersion] Loading 1.16 -> 1.16.2 mappings...
[17:05:13] [Server thread/INFO]: Preparing level "world"
[17:05:13] [Server thread/INFO]: -------- World Settings For [world] --------
[17:05:13] [Server thread/INFO]: Allow Zombie Pigmen to spawn from portal blocks: true
[17:05:13] [Server thread/INFO]: Item Despawn Rate: 6000
[17:05:13] [Server thread/INFO]: Item Merge Radius: 2.5
[17:05:13] [Server thread/INFO]: Arrow Despawn Rate: 1200
[17:05:13] [Server thread/INFO]: Experience Merge Radius: 3.0
[17:05:13] [Server thread/INFO]: Nerfing mobs spawned from spawners: false
[17:05:13] [Server thread/INFO]: View Distance: 10
[17:05:13] [Server thread/INFO]: Zombie Aggressive Towards Villager: true
[17:05:13] [Server thread/INFO]: Custom Map Seeds:  Village: 10387312 Feature: 14357617 Monument: 10387313 Slime: 987234911
[17:05:13] [Server thread/INFO]: Entity Activation Range: An 32 / Mo 32 / Mi 16 / Tiv true
[17:05:13] [Server thread/INFO]: Max TNT Explosions: 100
[17:05:13] [Server thread/INFO]: Tile Max Tick Time: 50ms Entity max Tick Time: 50ms
[17:05:13] [Server thread/INFO]: Structure Info Saving: true
[17:05:13] [Server thread/INFO]: Mob Spawn Range: 4
[17:05:13] [Server thread/INFO]: Entity Tracking Range: Pl 48 / An 48 / Mo 48 / Mi 32 / Other 64
[17:05:13] [Server thread/INFO]: Hopper Transfer: 8 Hopper Check: 1 Hopper Amount: 1
[17:05:13] [Server thread/INFO]: Random Lighting Updates: false
[17:05:13] [Server thread/INFO]: Cactus Growth Modifier: 100%
[17:05:13] [Server thread/INFO]: Cane Growth Modifier: 100%
[17:05:13] [Server thread/INFO]: Melon Growth Modifier: 100%
[17:05:13] [Server thread/INFO]: Mushroom Growth Modifier: 100%
[17:05:13] [Server thread/INFO]: Pumpkin Growth Modifier: 100%
[17:05:13] [Server thread/INFO]: Sapling Growth Modifier: 100%
[17:05:13] [Server thread/INFO]: Wheat Growth Modifier: 100%
[17:05:13] [Server thread/INFO]: NetherWart Growth Modifier: 100%
[17:05:13] [Server thread/INFO]: Vine Growth Modifier: 100%
[17:05:13] [Server thread/INFO]: Cocoa Growth Modifier: 100%
[17:05:13] [Via-Mappingloader-4/INFO]: [ViaVersion] Loading 1.15 -> 1.16 mappings...
[17:05:13] [Via-Mappingloader-0/INFO]: [ViaVersion] Loading block connection mappings ...
[17:05:14] [Server thread/INFO]: Preparing start region for level 0 (Seed: 6562808706181388700)
[17:05:15] [Server thread/INFO]: Preparing spawn area: 14%
[17:05:16] [Server thread/INFO]: Preparing spawn area: 31%
[17:05:17] [Server thread/INFO]: Preparing spawn area: 51%
[17:05:18] [Server thread/INFO]: Preparing spawn area: 70%
[17:05:19] [Server thread/INFO]: Preparing spawn area: 91%
[17:05:19] [Server thread/INFO]: [SQLibrary] Enabling SQLibrary v7.1
[17:05:19] [Server thread/INFO]: SQLibrary loaded.
[17:05:19] [Server thread/INFO]: [BukkitGames] Enabling BukkitGames v3.0.0
[17:05:19] [Server thread/INFO]: [BukkitGames] Loaded a total of 16 kits.
[17:05:19] [Thread-8/WARN]: [BukkitGames] Something went wrong while checking for updates.
[17:05:19] [Thread-8/INFO]: [BukkitGames] Please check the plugin's page to see if there are any updates available.
[17:05:19] [Server thread/INFO]: [BukkitGames] BG:SQLite[SQLite] Connected to database.
[17:05:20] [Server thread/INFO]: [BukkitGames] Startup completed and ready for fighting! (0.4s)
[17:05:20] [Server thread/INFO]: [ViaVersion] Enabling ViaVersion v3.2.1
[17:05:20] [Server thread/INFO]: [BGAbilities] Enabling BGAbilities v1.1
[17:05:20] [Server thread/INFO]: [BGAbilities] Enabled extended abilities! (v1.1)
[17:05:20] [Server thread/INFO]: Server permissions file permissions.yml is empty, ignoring it
[17:05:20] [Server thread/INFO]: Done (6.409s)! For help, type "help" or "?"
[17:05:20] [Server thread/INFO]: [ViaVersion] ViaVersion detected server version: 1.12.2(340)
[17:05:20] [Server thread/INFO]: [ViaVersion] Finished mapping loading, shutting down loader executor!
[17:05:40] [Server thread/INFO]: Game rule announceAchievements has been updated to false
